
> @paysecure-design/tokens@1.0.2 build /Users/lovish/Desktop/workspace/design-library/packages/tokens
> tsup src/index.ts --format esm,cjs --dts --external react && pnpm copy-worker

[34mCLI[39m Building entry: src/index.ts
[34mCLI[39m Using tsconfig: tsconfig.json
[34mCLI[39m tsup v6.7.0
[34mCLI[39m Using tsup config: /Users/lovish/Desktop/workspace/design-library/packages/tokens/tsup.config.ts
[34mCLI[39m Target: es2020
[34mCLI[39m Cleaning output folder
[34mESM[39m Build start
[34mCJS[39m Build start

[43m[30m WARN [39m[49m [33mâ–² [43;33m[[43;30mWARNING[43;33m][0m [1m"import.meta" is not available with the "cjs" output format and will be empty[0m [empty-import-meta]

    src/TokenManager.ts:22:86:
[37m      22 â”‚ ...orker(new URL('./worker/token.worker.ts', [32mimport.meta[37m.url).href));
         â•µ                                              [32m~~~~~~~~~~~[0m

  You need to set the output format to "esm" for "import.meta" to work correctly.



[32mCJS[39m [1mdist/index.js [22m[32m7.49 KB[39m
[32mCJS[39m âš¡ï¸ Build success in 11ms
[32mESM[39m [1mdist/index.mjs [22m[32m6.01 KB[39m
[32mESM[39m âš¡ï¸ Build success in 12ms
[34mDTS[39m Build start
[32mDTS[39m âš¡ï¸ Build success in 443ms
[32mDTS[39m [1mdist/index.d.ts [22m[32m4.48 KB[39m

> @paysecure-design/tokens@1.0.2 copy-worker /Users/lovish/Desktop/workspace/design-library/packages/tokens
> mkdir -p dist/worker && cp src/worker/token.worker.ts dist/worker/token.worker.ts

