
> @paysecure-design/design-system@0.0.1 build /Users/lovish/Desktop/workspace/design-library/packages/design-system
> tsup

[34mCLI[39m Building entry: {"index":"src/index.ts","Button/index":"src/components/Button/index.ts","Typography/index":"src/components/Typography/index.ts"}
[34mCLI[39m Using tsconfig: tsconfig.json
[34mCLI[39m tsup v6.7.0
[34mCLI[39m Using tsup config: /Users/lovish/Desktop/workspace/design-library/packages/design-system/tsup.config.ts
[34mCLI[39m Target: es2020
[34mCLI[39m Cleaning output folder
[34mESM[39m Build start
[34mCJS[39m Build start
[32mCJS[39m [1mdist/index.cjs                [22m[32m1.55 KB[39m
[32mCJS[39m [1mdist/Button/index.cjs         [22m[32m265.00 B[39m
[32mCJS[39m [1mdist/chunk-3Z33FTZD.cjs       [22m[32m3.79 KB[39m
[32mCJS[39m [1mdist/Typography/index.cjs     [22m[32m273.00 B[39m
[32mCJS[39m [1mdist/chunk-3BMWW4FX.cjs       [22m[32m6.50 KB[39m
[32mCJS[39m [1mdist/Typography/index.cjs.map [22m[32m51.00 B[39m
[32mCJS[39m [1mdist/index.cjs.map            [22m[32m1.56 KB[39m
[32mCJS[39m [1mdist/Button/index.cjs.map     [22m[32m51.00 B[39m
[32mCJS[39m [1mdist/chunk-3Z33FTZD.cjs.map   [22m[32m5.59 KB[39m
[32mCJS[39m [1mdist/chunk-3BMWW4FX.cjs.map   [22m[32m11.48 KB[39m
[32mCJS[39m ⚡️ Build success in 53ms
[32mESM[39m [1mdist/chunk-7G77ZRSR.js       [22m[32m3.52 KB[39m
[32mESM[39m [1mdist/index.js                [22m[32m1004.00 B[39m
[32mESM[39m [1mdist/chunk-CM26Q5CI.js       [22m[32m6.22 KB[39m
[32mESM[39m [1mdist/Typography/index.js     [22m[32m116.00 B[39m
[32mESM[39m [1mdist/Button/index.js         [22m[32m112.00 B[39m
[32mESM[39m [1mdist/chunk-CM26Q5CI.js.map   [22m[32m11.48 KB[39m
[32mESM[39m [1mdist/chunk-7G77ZRSR.js.map   [22m[32m5.59 KB[39m
[32mESM[39m [1mdist/Typography/index.js.map [22m[32m51.00 B[39m
[32mESM[39m [1mdist/Button/index.js.map     [22m[32m51.00 B[39m
[32mESM[39m [1mdist/index.js.map            [22m[32m1.56 KB[39m
[32mESM[39m ⚡️ Build success in 53ms
[34mDTS[39m Build start
[32mDTS[39m ⚡️ Build success in 1085ms
[32mDTS[39m [1mdist/index.d.ts            [22m[32m579.00 B[39m
[32mDTS[39m [1mdist/Button/index.d.ts     [22m[32m432.00 B[39m
[32mDTS[39m [1mdist/Typography/index.d.ts [22m[32m651.00 B[39m
